<?xml version="1.0" encoding="UTF-8"?>
<testsuite name="com.phonebook.tests.HomePageTests" tests="1" skipped="0" failures="0" errors="0" timestamp="2024-04-10T19:19:41" hostname="ENVICHKA" time="0.013">
  <properties/>
  <testcase name="isHomeComponentPresentTest" classname="com.phonebook.tests.HomePageTests" time="0.013"/>
  <system-out><![CDATA[]]></system-out>
  <system-err><![CDATA[]]></system-err>
</testsuite>
